Loading cudnn7.6-cuda10.2/7.6.5.32
  Loading requirement: cuda10.2/toolkit/10.2.89
Loading nccl2-cuda10.2-gcc/2.6.4
  Loading requirement: gcc5/5.5.0
/cm/local/apps/slurm/var/spool/job73054/slurm_script: line 20: export: `=': not a valid identifier
/cm/local/apps/slurm/var/spool/job73054/slurm_script: line 21: export: `=': not a valid identifier
/cm/local/apps/slurm/var/spool/job73054/slurm_script: line 21: export: `5678': not a valid identifier
Sun Oct 31 11:42:56 2021       
+-----------------------------------------------------------------------------+
| NVIDIA-SMI 440.64.00    Driver Version: 440.64.00    CUDA Version: 10.2     |
|-------------------------------+----------------------+----------------------+
| GPU  Name        Persistence-M| Bus-Id        Disp.A | Volatile Uncorr. ECC |
| Fan  Temp  Perf  Pwr:Usage/Cap|         Memory-Usage | GPU-Util  Compute M. |
|===============================+======================+======================|
|   0  TITAN RTX           On   | 00000000:1B:00.0 Off |                  N/A |
| 41%   39C    P8    15W / 280W |      0MiB / 24220MiB |      0%      Default |
+-------------------------------+----------------------+----------------------+
|   1  TITAN RTX           On   | 00000000:3E:00.0 Off |                  N/A |
| 41%   42C    P8    11W / 280W |      0MiB / 24220MiB |      0%      Default |
+-------------------------------+----------------------+----------------------+
                                                                               
+-----------------------------------------------------------------------------+
| Processes:                                                       GPU Memory |
|  GPU       PID   Type   Process name                             Usage      |
|=============================================================================|
|  No running processes found                                                 |
+-----------------------------------------------------------------------------+
ActionClip boot~
<string>:1: YAMLLoadWarning: calling yaml.load() without Loader=... is deprecated, as the default Loader is unsafe. Please read https://msg.pyyaml.org/load for full details.
<string>:1: YAMLLoadWarning: calling yaml.load() without Loader=... is deprecated, as the default Loader is unsafe. Please read https://msg.pyyaml.org/load for full details.
<string>:1: YAMLLoadWarning: calling yaml.load() without Loader=... is deprecated, as the default Loader is unsafe. Please read https://msg.pyyaml.org/load for full details.
/home/10501001/anaconda3/envs/ACTION-CLIP/lib/python3.9/site-packages/torch/nn/_reduction.py:42: UserWarning: size_average and reduce args will be deprecated, please use reduction='mean' instead.
  warnings.warn(warning.format(ret))
/home/10501001/projects/ActionCLIP/train.py:53: YAMLLoadWarning: calling yaml.load() without Loader=... is deprecated, as the default Loader is unsafe. Please read https://msg.pyyaml.org/load for full details.
  config = yaml.load(f)
Traceback (most recent call last):
  File "/home/10501001/projects/ActionCLIP/train.py", line 266, in <module>
    main()
  File "/home/10501001/projects/ActionCLIP/train.py", line 54, in main
    working_dir = os.path.join('./exp', config['network']['type'], config['network']['arch'], config['data']['dataset'],
UnboundLocalError: local variable 'os' referenced before assignment
