Loading cudnn7.6-cuda10.2/7.6.5.32
  Loading requirement: cuda10.2/toolkit/10.2.89
Loading nccl2-cuda10.2-gcc/2.6.4
  Loading requirement: gcc5/5.5.0
ActionClip boot~
<string>:1: YAMLLoadWarning: calling yaml.load() without Loader=... is deprecated, as the default Loader is unsafe. Please read https://msg.pyyaml.org/load for full details.
<string>:1: YAMLLoadWarning: calling yaml.load() without Loader=... is deprecated, as the default Loader is unsafe. Please read https://msg.pyyaml.org/load for full details.
<string>:1: YAMLLoadWarning: calling yaml.load() without Loader=... is deprecated, as the default Loader is unsafe. Please read https://msg.pyyaml.org/load for full details.
/home/10501001/anaconda3/envs/ACTION-CLIP/lib/python3.9/site-packages/torch/nn/_reduction.py:42: UserWarning: size_average and reduce args will be deprecated, please use reduction='mean' instead.
  warnings.warn(warning.format(ret))
/home/10501001/projects/ActionCLIP/work/../train.py:53: YAMLLoadWarning: calling yaml.load() without Loader=... is deprecated, as the default Loader is unsafe. Please read https://msg.pyyaml.org/load for full details.
  config = yaml.load(f)
wandb: Currently logged in as: wozzq (use `wandb login --relogin` to force relogin)
wandb: Tracking run with wandb version 0.12.4
wandb: Syncing run 20211016_105838_clip_ucf_ViT-B/16_ucf101
wandb:  View project at https://wandb.ai/wozzq/clip_ucf
wandb:  View run at https://wandb.ai/wozzq/clip_ucf/runs/15z0i7gn
wandb: Run data is saved locally in /home/10501001/projects/ActionCLIP/work/wandb/run-20211016_105843-15z0i7gn
wandb: Run `wandb offline` to turn off syncing.

--------------------------------------------------------------------------------
                     working dir: ./exp/clip_ucf/ViT-B/16/ucf101/20211016_105838
--------------------------------------------------------------------------------
--------------------------------------------------------------------------------
                               Config
{   'data': {   'batch_size': 32,
                'dataset': 'ucf101',
                'gpus': 2,
                'image_tmpl': 'img_{:05d}.jpg',
                'index_bias': 1,
                'input_size': 224,
                'label_list': 'lists/ucf_labels.csv',
                'modality': 'RGB',
                'num_classes': 101,
                'num_segments': 8,
                'randaug': {'M': 0, 'N': 0},
                'seg_length': 1,
                'split': 1,
                'train_list': '/home/10501001/datasets/ucf101/ucfTrainTestlist/train_rgb_split1.txt',
                'val_list': '/home/10501001/datasets/ucf101/ucfTrainTestlist/val_rgb_split1.txt',
                'workers': 8},
    'logging': {'eval_freq': 1, 'print_freq': 10},
    'network': {   'arch': 'ViT-B/16',
                   'describe': None,
                   'drop_out': 0.0,
                   'emb_dropout': 0.0,
                   'fix_img': False,
                   'fix_text': False,
                   'init': True,
                   'sim_header': 'Transf',
                   'type': 'clip_ucf'},
    'pretrain': '/home/10501001/models/vit-16.pt',
    'resume': None,
    'seed': 1024,
    'solver': {   'clip_gradient': 20,
                  'epoch_offset': 0,
                  'epochs': 50,
                  'evaluate': False,
                  'f_ratio': 10,
                  'loss_type': 'nll',
                  'lr': 5e-06,
                  'lr_decay_factor': 0.1,
                  'lr_decay_step': 15,
                  'lr_warmup_step': 5,
                  'momentum': 0.9,
                  'optim': 'adamw',
                  'ratio': 1,
                  'start_epoch': 0,
                  'type': 'cosine',
                  'weight_decay': 0.2}}
--------------------------------------------------------------------------------
Traceback (most recent call last):
  File "/home/10501001/projects/ActionCLIP/work/../train.py", line 223, in <module>
    main()
  File "/home/10501001/projects/ActionCLIP/work/../train.py", line 73, in main
    shutil.copy('train.py', working_dir)
  File "/home/10501001/anaconda3/envs/ACTION-CLIP/lib/python3.9/shutil.py", line 426, in copy
    copyfile(src, dst, follow_symlinks=follow_symlinks)
  File "/home/10501001/anaconda3/envs/ACTION-CLIP/lib/python3.9/shutil.py", line 265, in copyfile
    with open(src, 'rb') as fsrc, open(dst, 'wb') as fdst:
FileNotFoundError: [Errno 2] No such file or directory: 'train.py'

wandb: Waiting for W&B process to finish, PID 170568... (failed 1). Press ctrl-c to abort syncing.
wandb: - 0.00MB of 0.00MB uploaded (0.00MB deduped)wandb: \ 0.00MB of 0.00MB uploaded (0.00MB deduped)wandb: | 0.00MB of 0.01MB uploaded (0.00MB deduped)wandb: / 0.00MB of 0.01MB uploaded (0.00MB deduped)wandb: - 0.00MB of 0.01MB uploaded (0.00MB deduped)wandb: \ 0.00MB of 0.01MB uploaded (0.00MB deduped)wandb: | 0.00MB of 0.01MB uploaded (0.00MB deduped)wandb: / 0.00MB of 0.01MB uploaded (0.00MB deduped)wandb: - 0.00MB of 0.01MB uploaded (0.00MB deduped)wandb: \ 0.00MB of 0.01MB uploaded (0.00MB deduped)wandb: | 0.00MB of 0.01MB uploaded (0.00MB deduped)wandb: / 0.00MB of 0.01MB uploaded (0.00MB deduped)wandb: - 0.01MB of 0.01MB uploaded (0.00MB deduped)wandb: \ 0.01MB of 0.01MB uploaded (0.00MB deduped)wandb: | 0.01MB of 0.01MB uploaded (0.00MB deduped)wandb: / 0.01MB of 0.01MB uploaded (0.00MB deduped)wandb: - 0.01MB of 0.01MB uploaded (0.00MB deduped)wandb: \ 0.01MB of 0.01MB uploaded (0.00MB deduped)wandb: | 0.01MB of 0.01MB uploaded (0.00MB deduped)wandb: / 0.01MB of 0.01MB uploaded (0.00MB deduped)wandb:                                                                                
wandb: Synced 6 W&B file(s), 0 media file(s), 0 artifact file(s) and 0 other file(s)
wandb: Synced 20211016_105838_clip_ucf_ViT-B/16_ucf101: https://wandb.ai/wozzq/clip_ucf/runs/15z0i7gn
wandb: Find logs at: ./wandb/run-20211016_105843-15z0i7gn/logs/debug.log
wandb: 
